Created by PLY version 3.11 (http://www.dabeaz.com/ply)

Unused terminals:

    EQ
    GT
    LT

Grammar

Rule 0     S' -> statement
Rule 1     statement -> WORD WORD WORD WORD

Terminals, with rules where they appear

EQ                   : 
GT                   : 
LT                   : 
WORD                 : 1 1 1 1
error                : 

Nonterminals, with rules where they appear

statement            : 0

Parsing method: LALR

state 0

    (0) S' -> . statement
    (1) statement -> . WORD WORD WORD WORD

    WORD            shift and go to state 2

    statement                      shift and go to state 1

state 1

    (0) S' -> statement .



state 2

    (1) statement -> WORD . WORD WORD WORD

    WORD            shift and go to state 3


state 3

    (1) statement -> WORD WORD . WORD WORD

    WORD            shift and go to state 4


state 4

    (1) statement -> WORD WORD WORD . WORD

    WORD            shift and go to state 5


state 5

    (1) statement -> WORD WORD WORD WORD .

    $end            reduce using rule 1 (statement -> WORD WORD WORD WORD .)

